# JRE version: OpenJDK Runtime Environment (11.0.7+10) (build 11.0.7+10)
# Java VM: OpenJDK 64-Bit Server VM (11.0.7+10, mixed mode, tiered, compressed oops, parallel gc, linux-amd64)
Heap:
 PSYoungGen      total 5120K, used 3573K [0x00000000eab00000, 0x00000000eb300000, 0x0000000100000000)
  eden space 3584K, 81% used [0x00000000eab00000,0x00000000eadd66d8,0x00000000eae80000)
  from space 1536K, 43% used [0x00000000eb000000,0x00000000eb0a6d28,0x00000000eb180000)
  to   space 1024K, 0% used [0x00000000eb200000,0x00000000eb200000,0x00000000eb300000)
 ParOldGen       total 181760K, used 165577K [0x00000000c0000000, 0x00000000cb180000, 0x00000000eab00000)
  object space 181760K, 91% used [0x00000000c0000000,0x00000000ca1b27f0,0x00000000cb180000)
 Metaspace       used 89817K, capacity 93382K, committed 94376K, reserved 1132544K
  class space    used 9175K, capacity 10513K, committed 10752K, reserved 1048576K
GC Heap History (20 events):
Event: 2838.188 GC heap before
{Heap before GC invocations=1476 (full 31):
 PSYoungGen      total 1536K, used 1056K [0x00000000eab00000, 0x00000000eaf00000, 0x0000000100000000)
  eden space 512K, 100% used [0x00000000eab00000,0x00000000eab80000,0x00000000eab80000)
  from space 1024K, 53% used [0x00000000eab80000,0x00000000eac08000,0x00000000eac80000)
  to   space 1536K, 0% used [0x00000000ead80000,0x00000000ead80000,0x00000000eaf00000)
 ParOldGen       total 181760K, used 157178K [0x00000000c0000000, 0x00000000cb180000, 0x00000000eab00000)
  object space 181760K, 86% used [0x00000000c0000000,0x00000000c997e870,0x00000000cb180000)
 Metaspace       used 89710K, capacity 93280K, committed 94376K, reserved 1132544K
  class space    used 9166K, capacity 10496K, committed 10752K, reserved 1048576K
}
Event: 2838.190 GC heap after
{Heap after GC invocations=1476 (full 31):
 PSYoungGen      total 2048K, used 544K [0x00000000eab00000, 0x00000000eae80000, 0x0000000100000000)
  eden space 1024K, 0% used [0x00000000eab00000,0x00000000eab00000,0x00000000eac00000)
  from space 1024K, 53% used [0x00000000ead80000,0x00000000eae08000,0x00000000eae80000)
  to   space 1024K, 0% used [0x00000000eac80000,0x00000000eac80000,0x00000000ead80000)
 ParOldGen       total 181760K, used 157674K [0x00000000c0000000, 0x00000000cb180000, 0x00000000eab00000)
  object space 181760K, 86% used [0x00000000c0000000,0x00000000c99fa870,0x00000000cb180000)
 Metaspace       used 89710K, capacity 93280K, committed 94376K, reserved 1132544K
  class space    used 9166K, capacity 10496K, committed 10752K, reserved 1048576K
}
Event: 2838.195 GC heap before
{Heap before GC invocations=1477 (full 31):
 PSYoungGen      total 2048K, used 1568K [0x00000000eab00000, 0x00000000eae80000, 0x0000000100000000)
  eden space 1024K, 100% used [0x00000000eab00000,0x00000000eac00000,0x00000000eac00000)
  from space 1024K, 53% used [0x00000000ead80000,0x00000000eae08000,0x00000000eae80000)
  to   space 1024K, 0% used [0x00000000eac80000,0x00000000eac80000,0x00000000ead80000)
 ParOldGen       total 181760K, used 157674K [0x00000000c0000000, 0x00000000cb180000, 0x00000000eab00000)
  object space 181760K, 86% used [0x00000000c0000000,0x00000000c99fa870,0x00000000cb180000)
 Metaspace       used 89710K, capacity 93280K, committed 94376K, reserved 1132544K
  class space    used 9166K, capacity 10496K, committed 10752K, reserved 1048576K
}
Event: 2838.198 GC heap after
{Heap after GC invocations=1477 (full 31):
 PSYoungGen      total 2560K, used 992K [0x00000000eab00000, 0x00000000eaf80000, 0x0000000100000000)
  eden space 1536K, 0% used [0x00000000eab00000,0x00000000eab00000,0x00000000eac80000)
  from space 1024K, 96% used [0x00000000eac80000,0x00000000ead78000,0x00000000ead80000)
  to   space 1536K, 0% used [0x00000000eae00000,0x00000000eae00000,0x00000000eaf80000)
 ParOldGen       total 181760K, used 158170K [0x00000000c0000000, 0x00000000cb180000, 0x00000000eab00000)
  object space 181760K, 87% used [0x00000000c0000000,0x00000000c9a76870,0x00000000cb180000)
 Metaspace       used 89710K, capacity 93280K, committed 94376K, reserved 1132544K
  class space    used 9166K, capacity 10496K, committed 10752K, reserved 1048576K
}
Event: 2838.203 GC heap before
{Heap before GC invocations=1478 (full 31):
 PSYoungGen      total 2560K, used 2528K [0x00000000eab00000, 0x00000000eaf80000, 0x0000000100000000)
  eden space 1536K, 100% used [0x00000000eab00000,0x00000000eac80000,0x00000000eac80000)
  from space 1024K, 96% used [0x00000000eac80000,0x00000000ead78000,0x00000000ead80000)
  to   space 1536K, 0% used [0x00000000eae00000,0x00000000eae00000,0x00000000eaf80000)
 ParOldGen       total 181760K, used 158170K [0x00000000c0000000, 0x00000000cb180000, 0x00000000eab00000)
  object space 181760K, 87% used [0x00000000c0000000,0x00000000c9a76870,0x00000000cb180000)
 Metaspace       used 89710K, capacity 93280K, committed 94376K, reserved 1132544K
  class space    used 9166K, capacity 10496K, committed 10752K, reserved 1048576K
}
Event: 2838.205 GC heap after
{Heap after GC invocations=1478 (full 31):
 PSYoungGen      total 3072K, used 1325K [0x00000000eab00000, 0x00000000eb000000, 0x0000000100000000)
  eden space 1536K, 0% used [0x00000000eab00000,0x00000000eab00000,0x00000000eac80000)
  from space 1536K, 86% used [0x00000000eae00000,0x00000000eaf4b660,0x00000000eaf80000)
  to   space 1536K, 0% used [0x00000000eac80000,0x00000000eac80000,0x00000000eae00000)
 ParOldGen       total 181760K, used 159154K [0x00000000c0000000, 0x00000000cb180000, 0x00000000eab00000)
  object space 181760K, 87% used [0x00000000c0000000,0x00000000c9b6c870,0x00000000cb180000)
 Metaspace       used 89710K, capacity 93280K, committed 94376K, reserved 1132544K
  class space    used 9166K, capacity 10496K, committed 10752K, reserved 1048576K
}
Event: 2838.212 GC heap before
{Heap before GC invocations=1479 (full 31):
 PSYoungGen      total 3072K, used 2861K [0x00000000eab00000, 0x00000000eb000000, 0x0000000100000000)
  eden space 1536K, 100% used [0x00000000eab00000,0x00000000eac80000,0x00000000eac80000)
  from space 1536K, 86% used [0x00000000eae00000,0x00000000eaf4b660,0x00000000eaf80000)
  to   space 1536K, 0% used [0x00000000eac80000,0x00000000eac80000,0x00000000eae00000)
 ParOldGen       total 181760K, used 159154K [0x00000000c0000000, 0x00000000cb180000, 0x00000000eab00000)
  object space 181760K, 87% used [0x00000000c0000000,0x00000000c9b6c870,0x00000000cb180000)
 Metaspace       used 89710K, capacity 93280K, committed 94376K, reserved 1132544K
  class space    used 9166K, capacity 10496K, committed 10752K, reserved 1048576K
}
Event: 2838.214 GC heap after
{Heap after GC invocations=1479 (full 31):
 PSYoungGen      total 3072K, used 1536K [0x00000000eab00000, 0x00000000eb400000, 0x0000000100000000)
  eden space 1536K, 0% used [0x00000000eab00000,0x00000000eab00000,0x00000000eac80000)
  from space 1536K, 100% used [0x00000000eac80000,0x00000000eae00000,0x00000000eae00000)
  to   space 3584K, 0% used [0x00000000eb080000,0x00000000eb080000,0x00000000eb400000)
 ParOldGen       total 181760K, used 160455K [0x00000000c0000000, 0x00000000cb180000, 0x00000000eab00000)
  object space 181760K, 88% used [0x00000000c0000000,0x00000000c9cb1ed0,0x00000000cb180000)
 Metaspace       used 89710K, capacity 93280K, committed 94376K, reserved 1132544K
  class space    used 9166K, capacity 10496K, committed 10752K, reserved 1048576K
}
Event: 2838.222 GC heap before
{Heap before GC invocations=1480 (full 31):
 PSYoungGen      total 3072K, used 3072K [0x00000000eab00000, 0x00000000eb400000, 0x0000000100000000)
  eden space 1536K, 100% used [0x00000000eab00000,0x00000000eac80000,0x00000000eac80000)
  from space 1536K, 100% used [0x00000000eac80000,0x00000000eae00000,0x00000000eae00000)
  to   space 3584K, 0% used [0x00000000eb080000,0x00000000eb080000,0x00000000eb400000)
 ParOldGen       total 181760K, used 160455K [0x00000000c0000000, 0x00000000cb180000, 0x00000000eab00000)
  object space 181760K, 88% used [0x00000000c0000000,0x00000000c9cb1ed0,0x00000000cb180000)
 Metaspace       used 89710K, capacity 93280K, committed 94376K, reserved 1132544K
  class space    used 9166K, capacity 10496K, committed 10752K, reserved 1048576K
}
Event: 2838.225 GC heap after
{Heap after GC invocations=1480 (full 31):
 PSYoungGen      total 3584K, used 1408K [0x00000000eab00000, 0x00000000eb200000, 0x0000000100000000)
  eden space 2048K, 0% used [0x00000000eab00000,0x00000000eab00000,0x00000000ead00000)
  from space 1536K, 91% used [0x00000000eb080000,0x00000000eb1e0000,0x00000000eb200000)
  to   space 2048K, 0% used [0x00000000eae00000,0x00000000eae00000,0x00000000eb000000)
 ParOldGen       total 181760K, used 161975K [0x00000000c0000000, 0x00000000cb180000, 0x00000000eab00000)
  object space 181760K, 89% used [0x00000000c0000000,0x00000000c9e2ded0,0x00000000cb180000)
 Metaspace       used 89710K, capacity 93280K, committed 94376K, reserved 1132544K
  class space    used 9166K, capacity 10496K, committed 10752K, reserved 1048576K
}
Event: 2838.233 GC heap before
{Heap before GC invocations=1481 (full 31):
 PSYoungGen      total 3584K, used 3456K [0x00000000eab00000, 0x00000000eb200000, 0x0000000100000000)
  eden space 2048K, 100% used [0x00000000eab00000,0x00000000ead00000,0x00000000ead00000)
  from space 1536K, 91% used [0x00000000eb080000,0x00000000eb1e0000,0x00000000eb200000)
  to   space 2048K, 0% used [0x00000000eae00000,0x00000000eae00000,0x00000000eb000000)
 ParOldGen       total 181760K, used 161975K [0x00000000c0000000, 0x00000000cb180000, 0x00000000eab00000)
  object space 181760K, 89% used [0x00000000c0000000,0x00000000c9e2ded0,0x00000000cb180000)
 Metaspace       used 89714K, capacity 93280K, committed 94376K, reserved 1132544K
  class space    used 9166K, capacity 10496K, committed 10752K, reserved 1048576K
}
Event: 2838.236 GC heap after
{Heap after GC invocations=1481 (full 31):
 PSYoungGen      total 4608K, used 1933K [0x00000000eab00000, 0x00000000eb180000, 0x0000000100000000)
  eden space 2560K, 0% used [0x00000000eab00000,0x00000000eab00000,0x00000000ead80000)
  from space 2048K, 94% used [0x00000000eae00000,0x00000000eafe3660,0x00000000eb000000)
  to   space 1536K, 0% used [0x00000000eb000000,0x00000000eb000000,0x00000000eb180000)
 ParOldGen       total 181760K, used 163279K [0x00000000c0000000, 0x00000000cb180000, 0x00000000eab00000)
  object space 181760K, 89% used [0x00000000c0000000,0x00000000c9f73ed0,0x00000000cb180000)
 Metaspace       used 89714K, capacity 93280K, committed 94376K, reserved 1132544K
  class space    used 9166K, capacity 10496K, committed 10752K, reserved 1048576K
}
Event: 2838.248 GC heap before
{Heap before GC invocations=1482 (full 31):
 PSYoungGen      total 4608K, used 4493K [0x00000000eab00000, 0x00000000eb180000, 0x0000000100000000)
  eden space 2560K, 100% used [0x00000000eab00000,0x00000000ead80000,0x00000000ead80000)
  from space 2048K, 94% used [0x00000000eae00000,0x00000000eafe3660,0x00000000eb000000)
  to   space 1536K, 0% used [0x00000000eb000000,0x00000000eb000000,0x00000000eb180000)
 ParOldGen       total 181760K, used 163279K [0x00000000c0000000, 0x00000000cb180000, 0x00000000eab00000)
  object space 181760K, 89% used [0x00000000c0000000,0x00000000c9f73ed0,0x00000000cb180000)
 Metaspace       used 89714K, capacity 93280K, committed 94376K, reserved 1132544K
  class space    used 9166K, capacity 10496K, committed 10752K, reserved 1048576K
}
Event: 2838.249 GC heap after
{Heap after GC invocations=1482 (full 31):
 PSYoungGen      total 3584K, used 96K [0x00000000eab00000, 0x00000000eb080000, 0x0000000100000000)
  eden space 3072K, 0% used [0x00000000eab00000,0x00000000eab00000,0x00000000eae00000)
  from space 512K, 18% used [0x00000000eb000000,0x00000000eb018000,0x00000000eb080000)
  to   space 1024K, 0% used [0x00000000eae80000,0x00000000eae80000,0x00000000eaf80000)
 ParOldGen       total 181760K, used 163377K [0x00000000c0000000, 0x00000000cb180000, 0x00000000eab00000)
  object space 181760K, 89% used [0x00000000c0000000,0x00000000c9f8c7d0,0x00000000cb180000)
 Metaspace       used 89714K, capacity 93280K, committed 94376K, reserved 1132544K
  class space    used 9166K, capacity 10496K, committed 10752K, reserved 1048576K
}
Event: 2838.261 GC heap before
{Heap before GC invocations=1483 (full 31):
 PSYoungGen      total 3584K, used 3168K [0x00000000eab00000, 0x00000000eb080000, 0x0000000100000000)
  eden space 3072K, 100% used [0x00000000eab00000,0x00000000eae00000,0x00000000eae00000)
  from space 512K, 18% used [0x00000000eb000000,0x00000000eb018000,0x00000000eb080000)
  to   space 1024K, 0% used [0x00000000eae80000,0x00000000eae80000,0x00000000eaf80000)
 ParOldGen       total 181760K, used 163377K [0x00000000c0000000, 0x00000000cb180000, 0x00000000eab00000)
  object space 181760K, 89% used [0x00000000c0000000,0x00000000c9f8c7d0,0x00000000cb180000)
 Metaspace       used 89714K, capacity 93280K, committed 94376K, reserved 1132544K
  class space    used 9166K, capacity 10496K, committed 10752K, reserved 1048576K
}
Event: 2838.263 GC heap after
{Heap after GC invocations=1483 (full 31):
 PSYoungGen      total 4608K, used 1005K [0x00000000eab00000, 0x00000000eb600000, 0x0000000100000000)
  eden space 3584K, 0% used [0x00000000eab00000,0x00000000eab00000,0x00000000eae80000)
  from space 1024K, 98% used [0x00000000eae80000,0x00000000eaf7b660,0x00000000eaf80000)
  to   space 3584K, 0% used [0x00000000eb280000,0x00000000eb280000,0x00000000eb600000)
 ParOldGen       total 181760K, used 165417K [0x00000000c0000000, 0x00000000cb180000, 0x00000000eab00000)
  object space 181760K, 91% used [0x00000000c0000000,0x00000000ca18a7d0,0x00000000cb180000)
 Metaspace       used 89714K, capacity 93280K, committed 94376K, reserved 1132544K
  class space    used 9166K, capacity 10496K, committed 10752K, reserved 1048576K
}
Event: 2841.062 GC heap before
{Heap before GC invocations=1484 (full 31):
 PSYoungGen      total 4608K, used 4562K [0x00000000eab00000, 0x00000000eb600000, 0x0000000100000000)
  eden space 3584K, 99% used [0x00000000eab00000,0x00000000eae79580,0x00000000eae80000)
  from space 1024K, 98% used [0x00000000eae80000,0x00000000eaf7b660,0x00000000eaf80000)
  to   space 3584K, 0% used [0x00000000eb280000,0x00000000eb280000,0x00000000eb600000)
 ParOldGen       total 181760K, used 165417K [0x00000000c0000000, 0x00000000cb180000, 0x00000000eab00000)
  object space 181760K, 91% used [0x00000000c0000000,0x00000000ca18a7d0,0x00000000cb180000)
 Metaspace       used 89723K, capacity 93280K, committed 94376K, reserved 1132544K
  class space    used 9166K, capacity 10496K, committed 10752K, reserved 1048576K
}
Event: 2841.065 GC heap after
{Heap after GC invocations=1484 (full 31):
 PSYoungGen      total 4096K, used 256K [0x00000000eab00000, 0x00000000eb300000, 0x0000000100000000)
  eden space 3584K, 0% used [0x00000000eab00000,0x00000000eab00000,0x00000000eae80000)
  from space 512K, 50% used [0x00000000eb280000,0x00000000eb2c0050,0x00000000eb300000)
  to   space 1536K, 0% used [0x00000000eb000000,0x00000000eb000000,0x00000000eb180000)
 ParOldGen       total 181760K, used 165441K [0x00000000c0000000, 0x00000000cb180000, 0x00000000eab00000)
  object space 181760K, 91% used [0x00000000c0000000,0x00000000ca1907d0,0x00000000cb180000)
 Metaspace       used 89723K, capacity 93280K, committed 94376K, reserved 1132544K
  class space    used 9166K, capacity 10496K, committed 10752K, reserved 1048576K
}
Event: 2841.084 GC heap before
{Heap before GC invocations=1485 (full 31):
 PSYoungGen      total 4096K, used 3837K [0x00000000eab00000, 0x00000000eb300000, 0x0000000100000000)
  eden space 3584K, 99% used [0x00000000eab00000,0x00000000eae7f6d0,0x00000000eae80000)
  from space 512K, 50% used [0x00000000eb280000,0x00000000eb2c0050,0x00000000eb300000)
  to   space 1536K, 0% used [0x00000000eb000000,0x00000000eb000000,0x00000000eb180000)
 ParOldGen       total 181760K, used 165441K [0x00000000c0000000, 0x00000000cb180000, 0x00000000eab00000)
  object space 181760K, 91% used [0x00000000c0000000,0x00000000ca1907d0,0x00000000cb180000)
 Metaspace       used 89735K, capacity 93280K, committed 94376K, reserved 1132544K
  class space    used 9166K, capacity 10496K, committed 10752K, reserved 1048576K
}
Event: 2841.087 GC heap after
{Heap after GC invocations=1485 (full 31):
 PSYoungGen      total 5120K, used 667K [0x00000000eab00000, 0x00000000eb300000, 0x0000000100000000)
  eden space 3584K, 0% used [0x00000000eab00000,0x00000000eab00000,0x00000000eae80000)
  from space 1536K, 43% used [0x00000000eb000000,0x00000000eb0a6d28,0x00000000eb180000)
  to   space 1024K, 0% used [0x00000000eb200000,0x00000000eb200000,0x00000000eb300000)
 ParOldGen       total 181760K, used 165577K [0x00000000c0000000, 0x00000000cb180000, 0x00000000eab00000)
  object space 181760K, 91% used [0x00000000c0000000,0x00000000ca1b27f0,0x00000000cb180000)
 Metaspace       used 89735K, capacity 93280K, committed 94376K, reserved 1132544K
  class space    used 9166K, capacity 10496K, committed 10752K, reserved 1048576K
}

